[2024-12-01 20:07:58,765] INFO [GroupCoordinator 0]: Dynamic member with unknown member id joins group myGroup in Empty state. Created a new member id consumer-myGroup-1-f1aff998-00a8-42c2-88db-3895cf03094c and request the member to rejoin with this id. (kafka.coordinator.group.GroupCoordinator)
[2024-12-01 20:07:58,768] INFO [GroupCoordinator 0]: Preparing to rebalance group myGroup in state PreparingRebalance with old generation 8 (__consumer_offsets-17) (reason: Adding new member consumer-myGroup-1-f1aff998-00a8-42c2-88db-3895cf03094c with group instance id None; client reason: need to re-join with the given member-id: consumer-myGroup-1-f1aff998-00a8-42c2-88db-3895cf03094c) (kafka.coordinator.group.GroupCoordinator)
[2024-12-01 20:07:58,768] INFO [GroupCoordinator 0]: Stabilized group myGroup generation 9 (__consumer_offsets-17) with 1 members (kafka.coordinator.group.GroupCoordinator)
[2024-12-01 20:07:58,778] INFO [GroupCoordinator 0]: Assignment received from leader consumer-myGroup-1-f1aff998-00a8-42c2-88db-3895cf03094c for group myGroup for generation 9. The group has 1 members, 0 of which are static. (kafka.coordinator.group.GroupCoordinator)
[2024-12-01 20:08:22,268] INFO [GroupCoordinator 0]: Preparing to rebalance group myGroup in state PreparingRebalance with old generation 9 (__consumer_offsets-17) (reason: Removing member consumer-myGroup-1-f1aff998-00a8-42c2-88db-3895cf03094c on LeaveGroup; client reason: the consumer unsubscribed from all topics) (kafka.coordinator.group.GroupCoordinator)
[2024-12-01 20:08:22,269] INFO [GroupCoordinator 0]: Group myGroup with generation 10 is now empty (__consumer_offsets-17) (kafka.coordinator.group.GroupCoordinator)
[2024-12-01 20:08:22,270] INFO [GroupCoordinator 0]: Member MemberMetadata(memberId=consumer-myGroup-1-f1aff998-00a8-42c2-88db-3895cf03094c, groupInstanceId=None, clientId=consumer-myGroup-1, clientHost=/127.0.0.1, sessionTimeoutMs=45000, rebalanceTimeoutMs=300000, supportedProtocols=List(range, cooperative-sticky)) has left group myGroup through explicit `LeaveGroup`; client reason: the consumer unsubscribed from all topics (kafka.coordinator.group.GroupCoordinator)
[2024-12-01 20:19:20,147] INFO [GroupCoordinator 0]: Dynamic member with unknown member id joins group myGroup in Empty state. Created a new member id consumer-myGroup-1-80a2d0d5-b023-46ff-bbb2-56fe7a354d46 and request the member to rejoin with this id. (kafka.coordinator.group.GroupCoordinator)
[2024-12-01 20:19:20,150] INFO [GroupCoordinator 0]: Preparing to rebalance group myGroup in state PreparingRebalance with old generation 10 (__consumer_offsets-17) (reason: Adding new member consumer-myGroup-1-80a2d0d5-b023-46ff-bbb2-56fe7a354d46 with group instance id None; client reason: need to re-join with the given member-id: consumer-myGroup-1-80a2d0d5-b023-46ff-bbb2-56fe7a354d46) (kafka.coordinator.group.GroupCoordinator)
[2024-12-01 20:19:20,150] INFO [GroupCoordinator 0]: Stabilized group myGroup generation 11 (__consumer_offsets-17) with 1 members (kafka.coordinator.group.GroupCoordinator)
[2024-12-01 20:19:20,160] INFO [GroupCoordinator 0]: Assignment received from leader consumer-myGroup-1-80a2d0d5-b023-46ff-bbb2-56fe7a354d46 for group myGroup for generation 11. The group has 1 members, 0 of which are static. (kafka.coordinator.group.GroupCoordinator)
[2024-12-01 20:22:04,033] INFO [GroupCoordinator 0]: Preparing to rebalance group myGroup in state PreparingRebalance with old generation 11 (__consumer_offsets-17) (reason: Removing member consumer-myGroup-1-80a2d0d5-b023-46ff-bbb2-56fe7a354d46 on LeaveGroup; client reason: the consumer unsubscribed from all topics) (kafka.coordinator.group.GroupCoordinator)
[2024-12-01 20:22:04,034] INFO [GroupCoordinator 0]: Group myGroup with generation 12 is now empty (__consumer_offsets-17) (kafka.coordinator.group.GroupCoordinator)
[2024-12-01 20:22:04,034] INFO [GroupCoordinator 0]: Member MemberMetadata(memberId=consumer-myGroup-1-80a2d0d5-b023-46ff-bbb2-56fe7a354d46, groupInstanceId=None, clientId=consumer-myGroup-1, clientHost=/127.0.0.1, sessionTimeoutMs=45000, rebalanceTimeoutMs=300000, supportedProtocols=List(range, cooperative-sticky)) has left group myGroup through explicit `LeaveGroup`; client reason: the consumer unsubscribed from all topics (kafka.coordinator.group.GroupCoordinator)
[2024-12-01 20:22:19,848] INFO [GroupCoordinator 0]: Preparing to rebalance group console-consumer-3252 in state PreparingRebalance with old generation 1 (__consumer_offsets-1) (reason: Removing member console-consumer-f7358287-31fd-4884-ac77-087034837bcd on LeaveGroup; client reason: the consumer is being closed) (kafka.coordinator.group.GroupCoordinator)
[2024-12-01 20:22:19,848] INFO [GroupCoordinator 0]: Group console-consumer-3252 with generation 2 is now empty (__consumer_offsets-1) (kafka.coordinator.group.GroupCoordinator)
[2024-12-01 20:22:19,850] INFO [GroupCoordinator 0]: Member MemberMetadata(memberId=console-consumer-f7358287-31fd-4884-ac77-087034837bcd, groupInstanceId=None, clientId=console-consumer, clientHost=/127.0.0.1, sessionTimeoutMs=45000, rebalanceTimeoutMs=300000, supportedProtocols=List(range, cooperative-sticky)) has left group console-consumer-3252 through explicit `LeaveGroup`; client reason: the consumer is being closed (kafka.coordinator.group.GroupCoordinator)
[2024-12-01 20:22:23,128] INFO Terminating process due to signal SIGINT (org.apache.kafka.common.utils.LoggingSignalHandler)
[2024-12-01 20:22:23,129] INFO [KafkaServer id=0] shutting down (kafka.server.KafkaServer)
[2024-12-01 20:22:23,132] INFO [KafkaServer id=0] Starting controlled shutdown (kafka.server.KafkaServer)
[2024-12-01 20:22:23,154] INFO [KafkaServer id=0] Controlled shutdown request returned successfully after 13ms (kafka.server.KafkaServer)
[2024-12-01 20:22:23,159] INFO [/config/changes-event-process-thread]: Shutting down (kafka.common.ZkNodeChangeNotificationListener$ChangeEventProcessThread)
[2024-12-01 20:22:23,160] INFO [/config/changes-event-process-thread]: Stopped (kafka.common.ZkNodeChangeNotificationListener$ChangeEventProcessThread)
[2024-12-01 20:22:23,160] INFO [/config/changes-event-process-thread]: Shutdown completed (kafka.common.ZkNodeChangeNotificationListener$ChangeEventProcessThread)
[2024-12-01 20:22:23,160] INFO [SocketServer listenerType=ZK_BROKER, nodeId=0] Stopping socket server request processors (kafka.network.SocketServer)
[2024-12-01 20:22:23,165] INFO [SocketServer listenerType=ZK_BROKER, nodeId=0] Stopped socket server request processors (kafka.network.SocketServer)
[2024-12-01 20:22:23,166] INFO [data-plane Kafka Request Handler on Broker 0], shutting down (kafka.server.KafkaRequestHandlerPool)
[2024-12-01 20:22:23,167] INFO [data-plane Kafka Request Handler on Broker 0], shut down completely (kafka.server.KafkaRequestHandlerPool)
[2024-12-01 20:22:23,169] INFO [ExpirationReaper-0-AlterAcls]: Shutting down (kafka.server.DelayedOperationPurgatory$ExpiredOperationReaper)
[2024-12-01 20:22:23,170] INFO [ExpirationReaper-0-AlterAcls]: Stopped (kafka.server.DelayedOperationPurgatory$ExpiredOperationReaper)
[2024-12-01 20:22:23,170] INFO [ExpirationReaper-0-AlterAcls]: Shutdown completed (kafka.server.DelayedOperationPurgatory$ExpiredOperationReaper)
[2024-12-01 20:22:23,172] INFO [KafkaApi-0] Shutdown complete. (kafka.server.KafkaApis)
[2024-12-01 20:22:23,173] INFO [ExpirationReaper-0-topic]: Shutting down (kafka.server.DelayedOperationPurgatory$ExpiredOperationReaper)
[2024-12-01 20:22:23,173] INFO [ExpirationReaper-0-topic]: Stopped (kafka.server.DelayedOperationPurgatory$ExpiredOperationReaper)
[2024-12-01 20:22:23,173] INFO [ExpirationReaper-0-topic]: Shutdown completed (kafka.server.DelayedOperationPurgatory$ExpiredOperationReaper)
[2024-12-01 20:22:23,174] INFO [TransactionCoordinator id=0] Shutting down. (kafka.coordinator.transaction.TransactionCoordinator)
[2024-12-01 20:22:23,175] INFO [Transaction State Manager 0]: Shutdown complete (kafka.coordinator.transaction.TransactionStateManager)
[2024-12-01 20:22:23,175] INFO [TxnMarkerSenderThread-0]: Shutting down (kafka.coordinator.transaction.TransactionMarkerChannelManager)
[2024-12-01 20:22:23,175] INFO [TxnMarkerSenderThread-0]: Stopped (kafka.coordinator.transaction.TransactionMarkerChannelManager)
[2024-12-01 20:22:23,175] INFO [TxnMarkerSenderThread-0]: Shutdown completed (kafka.coordinator.transaction.TransactionMarkerChannelManager)
[2024-12-01 20:22:23,176] INFO [TransactionCoordinator id=0] Shutdown complete. (kafka.coordinator.transaction.TransactionCoordinator)
[2024-12-01 20:22:23,177] INFO [GroupCoordinator 0]: Shutting down. (kafka.coordinator.group.GroupCoordinator)
[2024-12-01 20:22:23,177] INFO [ExpirationReaper-0-Heartbeat]: Shutting down (kafka.server.DelayedOperationPurgatory$ExpiredOperationReaper)
[2024-12-01 20:22:23,178] INFO [ExpirationReaper-0-Heartbeat]: Stopped (kafka.server.DelayedOperationPurgatory$ExpiredOperationReaper)
[2024-12-01 20:22:23,178] INFO [ExpirationReaper-0-Heartbeat]: Shutdown completed (kafka.server.DelayedOperationPurgatory$ExpiredOperationReaper)
[2024-12-01 20:22:23,178] INFO [ExpirationReaper-0-Rebalance]: Shutting down (kafka.server.DelayedOperationPurgatory$ExpiredOperationReaper)
[2024-12-01 20:22:23,178] INFO [ExpirationReaper-0-Rebalance]: Stopped (kafka.server.DelayedOperationPurgatory$ExpiredOperationReaper)
[2024-12-01 20:22:23,178] INFO [ExpirationReaper-0-Rebalance]: Shutdown completed (kafka.server.DelayedOperationPurgatory$ExpiredOperationReaper)
[2024-12-01 20:22:23,179] INFO [GroupCoordinator 0]: Shutdown complete. (kafka.coordinator.group.GroupCoordinator)
[2024-12-01 20:22:23,179] INFO [ReplicaManager broker=0] Shutting down (kafka.server.ReplicaManager)
[2024-12-01 20:22:23,180] INFO [LogDirFailureHandler]: Shutting down (kafka.server.ReplicaManager$LogDirFailureHandler)
[2024-12-01 20:22:23,180] INFO [LogDirFailureHandler]: Stopped (kafka.server.ReplicaManager$LogDirFailureHandler)
[2024-12-01 20:22:23,180] INFO [LogDirFailureHandler]: Shutdown completed (kafka.server.ReplicaManager$LogDirFailureHandler)
[2024-12-01 20:22:23,181] INFO [ReplicaFetcherManager on broker 0] shutting down (kafka.server.ReplicaFetcherManager)
[2024-12-01 20:22:23,182] INFO [ReplicaFetcherManager on broker 0] shutdown completed (kafka.server.ReplicaFetcherManager)
[2024-12-01 20:22:23,182] INFO [ReplicaAlterLogDirsManager on broker 0] shutting down (kafka.server.ReplicaAlterLogDirsManager)
[2024-12-01 20:22:23,182] INFO [ReplicaAlterLogDirsManager on broker 0] shutdown completed (kafka.server.ReplicaAlterLogDirsManager)
[2024-12-01 20:22:23,182] INFO [ExpirationReaper-0-Fetch]: Shutting down (kafka.server.DelayedOperationPurgatory$ExpiredOperationReaper)
[2024-12-01 20:22:23,183] INFO [ExpirationReaper-0-Fetch]: Stopped (kafka.server.DelayedOperationPurgatory$ExpiredOperationReaper)
[2024-12-01 20:22:23,183] INFO [ExpirationReaper-0-Fetch]: Shutdown completed (kafka.server.DelayedOperationPurgatory$ExpiredOperationReaper)
[2024-12-01 20:22:23,183] INFO [ExpirationReaper-0-RemoteFetch]: Shutting down (kafka.server.DelayedOperationPurgatory$ExpiredOperationReaper)
[2024-12-01 20:22:23,183] INFO [ExpirationReaper-0-RemoteFetch]: Stopped (kafka.server.DelayedOperationPurgatory$ExpiredOperationReaper)
[2024-12-01 20:22:23,183] INFO [ExpirationReaper-0-RemoteFetch]: Shutdown completed (kafka.server.DelayedOperationPurgatory$ExpiredOperationReaper)
[2024-12-01 20:22:23,184] INFO [ExpirationReaper-0-Produce]: Shutting down (kafka.server.DelayedOperationPurgatory$ExpiredOperationReaper)
[2024-12-01 20:22:23,184] INFO [ExpirationReaper-0-Produce]: Stopped (kafka.server.DelayedOperationPurgatory$ExpiredOperationReaper)
[2024-12-01 20:22:23,184] INFO [ExpirationReaper-0-Produce]: Shutdown completed (kafka.server.DelayedOperationPurgatory$ExpiredOperationReaper)
[2024-12-01 20:22:23,184] INFO [ExpirationReaper-0-DeleteRecords]: Shutting down (kafka.server.DelayedOperationPurgatory$ExpiredOperationReaper)
[2024-12-01 20:22:23,184] INFO [ExpirationReaper-0-DeleteRecords]: Stopped (kafka.server.DelayedOperationPurgatory$ExpiredOperationReaper)
[2024-12-01 20:22:23,184] INFO [ExpirationReaper-0-DeleteRecords]: Shutdown completed (kafka.server.DelayedOperationPurgatory$ExpiredOperationReaper)
[2024-12-01 20:22:23,185] INFO [ExpirationReaper-0-ElectLeader]: Shutting down (kafka.server.DelayedOperationPurgatory$ExpiredOperationReaper)
[2024-12-01 20:22:23,185] INFO [ExpirationReaper-0-ElectLeader]: Stopped (kafka.server.DelayedOperationPurgatory$ExpiredOperationReaper)
[2024-12-01 20:22:23,185] INFO [ExpirationReaper-0-ElectLeader]: Shutdown completed (kafka.server.DelayedOperationPurgatory$ExpiredOperationReaper)
[2024-12-01 20:22:23,208] INFO [AddPartitionsToTxnSenderThread-0]: Shutting down (kafka.server.AddPartitionsToTxnManager)
[2024-12-01 20:22:23,209] INFO [AddPartitionsToTxnSenderThread-0]: Stopped (kafka.server.AddPartitionsToTxnManager)
[2024-12-01 20:22:23,209] INFO [AddPartitionsToTxnSenderThread-0]: Shutdown completed (kafka.server.AddPartitionsToTxnManager)
[2024-12-01 20:22:23,209] INFO [ReplicaManager broker=0] Shut down completely (kafka.server.ReplicaManager)
[2024-12-01 20:22:23,210] INFO [zk-broker-0-to-controller-alter-partition-channel-manager]: Shutting down (kafka.server.NodeToControllerRequestThread)
[2024-12-01 20:22:23,210] INFO [zk-broker-0-to-controller-alter-partition-channel-manager]: Stopped (kafka.server.NodeToControllerRequestThread)
[2024-12-01 20:22:23,210] INFO [zk-broker-0-to-controller-alter-partition-channel-manager]: Shutdown completed (kafka.server.NodeToControllerRequestThread)
[2024-12-01 20:22:23,212] INFO Node to controller channel manager for alter-partition shutdown (kafka.server.NodeToControllerChannelManagerImpl)
[2024-12-01 20:22:23,212] INFO [zk-broker-0-to-controller-forwarding-channel-manager]: Shutting down (kafka.server.NodeToControllerRequestThread)
[2024-12-01 20:22:23,212] INFO [zk-broker-0-to-controller-forwarding-channel-manager]: Stopped (kafka.server.NodeToControllerRequestThread)
[2024-12-01 20:22:23,212] INFO [zk-broker-0-to-controller-forwarding-channel-manager]: Shutdown completed (kafka.server.NodeToControllerRequestThread)
[2024-12-01 20:22:23,212] INFO Node to controller channel manager for forwarding shutdown (kafka.server.NodeToControllerChannelManagerImpl)
[2024-12-01 20:22:23,213] INFO Shutting down. (kafka.log.LogManager)
[2024-12-01 20:22:23,214] INFO [kafka-log-cleaner-thread-0]: Shutting down (kafka.log.LogCleaner$CleanerThread)
[2024-12-01 20:22:23,215] INFO [kafka-log-cleaner-thread-0]: Stopped (kafka.log.LogCleaner$CleanerThread)
[2024-12-01 20:22:23,215] INFO [kafka-log-cleaner-thread-0]: Shutdown completed (kafka.log.LogCleaner$CleanerThread)
[2024-12-01 20:22:23,773] INFO [ProducerStateManager partition=__consumer_offsets-17] Wrote producer snapshot at offset 1871 with 0 producer ids in 21 ms. (org.apache.kafka.storage.internals.log.ProducerStateManager)
[2024-12-01 20:22:24,161] INFO [ProducerStateManager partition=wikimedia_recentChange-0] Wrote producer snapshot at offset 4335 with 4 producer ids in 23 ms. (org.apache.kafka.storage.internals.log.ProducerStateManager)
[2024-12-01 20:22:24,458] INFO [ProducerStateManager partition=__consumer_offsets-1] Wrote producer snapshot at offset 2 with 0 producer ids in 20 ms. (org.apache.kafka.storage.internals.log.ProducerStateManager)
[2024-12-01 20:22:24,838] INFO Shutdown complete. (kafka.log.LogManager)
[2024-12-01 20:22:24,844] INFO [feature-zk-node-event-process-thread]: Shutting down (kafka.server.FinalizedFeatureChangeListener$ChangeNotificationProcessorThread)
[2024-12-01 20:22:24,844] INFO [feature-zk-node-event-process-thread]: Stopped (kafka.server.FinalizedFeatureChangeListener$ChangeNotificationProcessorThread)
[2024-12-01 20:22:24,844] INFO [feature-zk-node-event-process-thread]: Shutdown completed (kafka.server.FinalizedFeatureChangeListener$ChangeNotificationProcessorThread)
[2024-12-01 20:22:24,845] INFO [ZooKeeperClient Kafka server] Closing. (kafka.zookeeper.ZooKeeperClient)
[2024-12-01 20:22:24,974] INFO Session: 0x100001083720000 closed (org.apache.zookeeper.ZooKeeper)
[2024-12-01 20:22:24,974] INFO EventThread shut down for session: 0x100001083720000 (org.apache.zookeeper.ClientCnxn)
[2024-12-01 20:22:24,975] INFO [ZooKeeperClient Kafka server] Closed. (kafka.zookeeper.ZooKeeperClient)
[2024-12-01 20:22:24,975] INFO [ThrottledChannelReaper-Fetch]: Shutting down (kafka.server.ClientQuotaManager$ThrottledChannelReaper)
[2024-12-01 20:22:24,978] INFO [ThrottledChannelReaper-Fetch]: Stopped (kafka.server.ClientQuotaManager$ThrottledChannelReaper)
[2024-12-01 20:22:24,979] INFO [ThrottledChannelReaper-Fetch]: Shutdown completed (kafka.server.ClientQuotaManager$ThrottledChannelReaper)
[2024-12-01 20:22:24,979] INFO [ThrottledChannelReaper-Produce]: Shutting down (kafka.server.ClientQuotaManager$ThrottledChannelReaper)
[2024-12-01 20:22:24,979] INFO [ThrottledChannelReaper-Produce]: Stopped (kafka.server.ClientQuotaManager$ThrottledChannelReaper)
[2024-12-01 20:22:24,979] INFO [ThrottledChannelReaper-Produce]: Shutdown completed (kafka.server.ClientQuotaManager$ThrottledChannelReaper)
[2024-12-01 20:22:24,979] INFO [ThrottledChannelReaper-Request]: Shutting down (kafka.server.ClientQuotaManager$ThrottledChannelReaper)
[2024-12-01 20:22:24,979] INFO [ThrottledChannelReaper-Request]: Shutdown completed (kafka.server.ClientQuotaManager$ThrottledChannelReaper)
[2024-12-01 20:22:24,979] INFO [ThrottledChannelReaper-Request]: Stopped (kafka.server.ClientQuotaManager$ThrottledChannelReaper)
[2024-12-01 20:22:24,979] INFO [ThrottledChannelReaper-ControllerMutation]: Shutting down (kafka.server.ClientQuotaManager$ThrottledChannelReaper)
[2024-12-01 20:22:24,979] INFO [ThrottledChannelReaper-ControllerMutation]: Stopped (kafka.server.ClientQuotaManager$ThrottledChannelReaper)
[2024-12-01 20:22:24,979] INFO [ThrottledChannelReaper-ControllerMutation]: Shutdown completed (kafka.server.ClientQuotaManager$ThrottledChannelReaper)
[2024-12-01 20:22:24,980] INFO [SocketServer listenerType=ZK_BROKER, nodeId=0] Shutting down socket server (kafka.network.SocketServer)
[2024-12-01 20:22:24,997] INFO [SocketServer listenerType=ZK_BROKER, nodeId=0] Shutdown completed (kafka.network.SocketServer)
[2024-12-01 20:22:24,998] INFO Metrics scheduler closed (org.apache.kafka.common.metrics.Metrics)
[2024-12-01 20:22:24,998] INFO Closing reporter org.apache.kafka.common.metrics.JmxReporter (org.apache.kafka.common.metrics.Metrics)
[2024-12-01 20:22:24,998] INFO Metrics reporters closed (org.apache.kafka.common.metrics.Metrics)
[2024-12-01 20:22:24,999] INFO Broker and topic stats closed (kafka.server.BrokerTopicStats)
[2024-12-01 20:22:25,000] INFO App info kafka.server for 0 unregistered (org.apache.kafka.common.utils.AppInfoParser)
[2024-12-01 20:22:25,000] INFO [KafkaServer id=0] shut down completed (kafka.server.KafkaServer)
